 
 ##################################################################
 #                        Choose screensaver                      #
 #       Developed for X11 & KDE Plasma by sergio melas 2026      #
 #                                                                #
 #                Emai: sergiomelas@gmail.com                     #
 #                   Released under GPL V2.0                      #
 #                                                                #
 ##################################################################
 
Saved: Random.scr
 
 ##################################################################
 #                        Choose screensaver                      #
 #       Developed for X11 & KDE Plasma by sergio melas 2026      #
 #                                                                #
 #                Emai: sergiomelas@gmail.com                     #
 #                   Released under GPL V2.0                      #
 #                                                                #
 ##################################################################
 
 
 ##################################################################
 #                        Choose screensaver                      #
 #       Developed for X11 & KDE Plasma by sergio melas 2026      #
 #                                                                #
 #                Emai: sergiomelas@gmail.com                     #
 #                   Released under GPL V2.0                      #
 #                                                                #
 ##################################################################
 
Saved: Random.scr
